<?xml version="1.0" encoding="UTF-8"?>
<testng-results skipped="0" failed="0" ignored="0" total="4" passed="4">
  <reporter-output>
  </reporter-output>
  <suite name="Suite" duration-ms="42504" started-at="2019-12-11T14:25:59Z" finished-at="2019-12-11T14:26:42Z">
    <groups>
    </groups>
    <test name="Test" duration-ms="42504" started-at="2019-12-11T14:25:59Z" finished-at="2019-12-11T14:26:42Z">
      <class name="mavenBlog1.validateNavigationBar">
        <test-method status="PASS" signature="validateAppNavBar()[pri:0, instance:mavenBlog1.validateNavigationBar@1ebea008]" name="validateAppNavBar" duration-ms="364" started-at="2019-12-11T14:26:30Z" finished-at="2019-12-11T14:26:30Z">
          <reporter-output>
          </reporter-output>
        </test-method> <!-- validateAppNavBar -->
      </class> <!-- mavenBlog1.validateNavigationBar -->
      <class name="mavenBlog1.HomePage">
        <test-method status="PASS" signature="initialize()[pri:0, instance:mavenBlog1.HomePage@72d6b3ba]" name="initialize" is-config="true" duration-ms="6498" started-at="2019-12-11T14:25:59Z" finished-at="2019-12-11T14:26:06Z">
          <reporter-output>
          </reporter-output>
        </test-method> <!-- initialize -->
        <test-method status="PASS" signature="initialize()[pri:0, instance:mavenBlog1.validateNavigationBar@1ebea008]" name="initialize" is-config="true" duration-ms="12115" started-at="2019-12-11T14:26:06Z" finished-at="2019-12-11T14:26:18Z">
          <reporter-output>
          </reporter-output>
        </test-method> <!-- initialize -->
        <test-method status="PASS" signature="initialize()[pri:0, instance:mavenBlog1.validateTitle@1787f2a0]" name="initialize" is-config="true" duration-ms="11606" started-at="2019-12-11T14:26:18Z" finished-at="2019-12-11T14:26:29Z">
          <reporter-output>
          </reporter-output>
        </test-method> <!-- initialize -->
        <test-method status="PASS" signature="basePageNavigation(java.lang.String, java.lang.String, java.lang.String)[pri:0, instance:mavenBlog1.HomePage@72d6b3ba]" name="basePageNavigation" duration-ms="6458" started-at="2019-12-11T14:26:30Z" data-provider="getData" finished-at="2019-12-11T14:26:36Z">
          <params>
            <param index="0">
              <value>
                <![CDATA[nonrestricteduser@qw.com]]>
              </value>
            </param>
            <param index="1">
              <value>
                <![CDATA[123456]]>
              </value>
            </param>
            <param index="2">
              <value>
                <![CDATA[Restrcited User]]>
              </value>
            </param>
          </params>
          <reporter-output>
          </reporter-output>
        </test-method> <!-- basePageNavigation -->
        <test-method status="PASS" signature="basePageNavigation(java.lang.String, java.lang.String, java.lang.String)[pri:0, instance:mavenBlog1.HomePage@72d6b3ba]" name="basePageNavigation" duration-ms="5159" started-at="2019-12-11T14:26:36Z" data-provider="getData" finished-at="2019-12-11T14:26:42Z">
          <params>
            <param index="0">
              <value>
                <![CDATA[testing@adolmedia.com]]>
              </value>
            </param>
            <param index="1">
              <value>
                <![CDATA[Testing@#123]]>
              </value>
            </param>
            <param index="2">
              <value>
                <![CDATA[Non restricted user]]>
              </value>
            </param>
          </params>
          <reporter-output>
          </reporter-output>
        </test-method> <!-- basePageNavigation -->
        <test-method status="PASS" signature="teardown()[pri:0, instance:mavenBlog1.HomePage@72d6b3ba]" name="teardown" is-config="true" duration-ms="200" started-at="2019-12-11T14:26:42Z" finished-at="2019-12-11T14:26:42Z">
          <reporter-output>
          </reporter-output>
        </test-method> <!-- teardown -->
        <test-method status="FAIL" signature="teardown()[pri:0, instance:mavenBlog1.validateNavigationBar@1ebea008]" name="teardown" is-config="true" duration-ms="1" started-at="2019-12-11T14:26:42Z" finished-at="2019-12-11T14:26:42Z">
          <exception class="java.lang.NullPointerException">
            <full-stacktrace>
              <![CDATA[java.lang.NullPointerException
at mavenBlog1.validateNavigationBar.teardown(validateNavigationBar.java:54)
at sun.reflect.NativeMethodAccessorImpl.invoke0(Native Method)
at sun.reflect.NativeMethodAccessorImpl.invoke(Unknown Source)
at sun.reflect.DelegatingMethodAccessorImpl.invoke(Unknown Source)
at java.lang.reflect.Method.invoke(Unknown Source)
at org.testng.internal.MethodInvocationHelper.invokeMethod(MethodInvocationHelper.java:124)
at org.testng.internal.MethodInvocationHelper.invokeMethodConsideringTimeout(MethodInvocationHelper.java:59)
at org.testng.internal.Invoker.invokeConfigurationMethod(Invoker.java:458)
at org.testng.internal.Invoker.invokeConfigurations(Invoker.java:222)
at org.testng.internal.Invoker.invokeConfigurations(Invoker.java:142)
at org.testng.TestRunner.afterRun(TestRunner.java:725)
at org.testng.TestRunner.run(TestRunner.java:509)
at org.testng.SuiteRunner.runTest(SuiteRunner.java:455)
at org.testng.SuiteRunner.runSequentially(SuiteRunner.java:450)
at org.testng.SuiteRunner.privateRun(SuiteRunner.java:415)
at org.testng.SuiteRunner.run(SuiteRunner.java:364)
at org.testng.SuiteRunnerWorker.runSuite(SuiteRunnerWorker.java:52)
at org.testng.SuiteRunnerWorker.run(SuiteRunnerWorker.java:84)
at org.testng.TestNG.runSuitesSequentially(TestNG.java:1208)
at org.testng.TestNG.runSuitesLocally(TestNG.java:1137)
at org.testng.TestNG.runSuites(TestNG.java:1049)
at org.testng.TestNG.run(TestNG.java:1017)
at org.testng.remote.AbstractRemoteTestNG.run(AbstractRemoteTestNG.java:115)
at org.testng.remote.RemoteTestNG.initAndRun(RemoteTestNG.java:251)
at org.testng.remote.RemoteTestNG.main(RemoteTestNG.java:77)
]]>
            </full-stacktrace>
          </exception> <!-- java.lang.NullPointerException -->
          <reporter-output>
          </reporter-output>
        </test-method> <!-- teardown -->
        <test-method status="SKIP" signature="teardown()[pri:0, instance:mavenBlog1.validateTitle@1787f2a0]" name="teardown" is-config="true" duration-ms="0" started-at="2019-12-11T14:26:42Z" finished-at="2019-12-11T14:26:42Z">
          <reporter-output>
          </reporter-output>
        </test-method> <!-- teardown -->
      </class> <!-- mavenBlog1.HomePage -->
      <class name="mavenBlog1.validateTitle">
        <test-method status="PASS" signature="validateAppTitle()[pri:0, instance:mavenBlog1.validateTitle@1787f2a0]" name="validateAppTitle" duration-ms="54" started-at="2019-12-11T14:26:30Z" finished-at="2019-12-11T14:26:30Z">
          <reporter-output>
          </reporter-output>
        </test-method> <!-- validateAppTitle -->
      </class> <!-- mavenBlog1.validateTitle -->
    </test> <!-- Test -->
  </suite> <!-- Suite -->
</testng-results>
