<?xml version="1.0" encoding="UTF-8"?>
<!-- Generated by org.testng.reporters.JUnitXMLReporter -->
<testsuite hostname="DESKTOP-CP4RQU0" ignored="0" name="Test" tests="4" failures="1" timestamp="05 Dec 2019 10:25:08 GMT" time="47.427" errors="0">
  <testcase name="@AfterTest teardown" time="0.0" classname="mageBlog.validateNavigationBar">
    <failure type="java.lang.NullPointerException">
      <![CDATA[java.lang.NullPointerException
at mageBlog.validateNavigationBar.teardown(validateNavigationBar.java:54)
... Removed 24 stack frames]]>
    </failure>
  </testcase> <!-- @AfterTest teardown -->
  <testcase name="@AfterTest teardown" time="0.0" classname="mageBlog.validateTitle">
    <skipped/>
  </testcase> <!-- @AfterTest teardown -->
  <testcase name="basePageNavigation" time="7.166" classname="mageBlog.HomePage"/>
  <testcase name="basePageNavigation" time="6.909" classname="mageBlog.HomePage"/>
  <testcase name="validateAppNavBar" time="0.112" classname="mageBlog.validateNavigationBar"/>
  <testcase name="validateAppTitle" time="0.064" classname="mageBlog.validateTitle">
    <failure type="java.lang.AssertionError" message="expected [Home Page] but found [Customer Login]">
      <![CDATA[java.lang.AssertionError: expected [Home Page] but found [Customer Login]
at mageBlog.validateTitle.validateAppTitle(validateTitle.java:39)
... Removed 31 stack frames]]>
    </failure>
  </testcase> <!-- validateAppTitle -->
</testsuite> <!-- Test -->
